<?xml version="1.0" encoding="UTF-8"?>
<testng-results ignored="0" total="1" passed="0" failed="1" skipped="0">
  <reporter-output>
  </reporter-output>
  <suite started-at="2023-08-09T16:09:42 ICT" name="Default suite" finished-at="2023-08-09T16:10:01 ICT" duration-ms="19545">
    <groups>
    </groups>
    <test started-at="2023-08-09T16:09:42 ICT" name="Default test" finished-at="2023-08-09T16:10:01 ICT" duration-ms="19545">
      <class name="automation.testsuite.BepTu_MuaTraGop">
        <test-method is-config="true" signature="openChromeDriver()[pri:0, instance:automation.testsuite.BepTu_MuaTraGop@7ce69770]" started-at="2023-08-09T16:09:42 ICT" name="openChromeDriver" finished-at="2023-08-09T16:10:01 ICT" duration-ms="19474" status="PASS">
          <reporter-output>
          </reporter-output>
        </test-method> <!-- openChromeDriver -->
        <test-method signature="MuaTraGopSS()[pri:0, instance:automation.testsuite.BepTu_MuaTraGop@7ce69770]" started-at="2023-08-09T16:10:01 ICT" name="MuaTraGopSS" finished-at="2023-08-09T16:10:01 ICT" duration-ms="11" status="FAIL">
          <exception class="java.lang.ClassCastException">
            <message>
              <![CDATA[class org.openqa.selenium.chrome.ChromeDriver cannot be cast to class org.openqa.selenium.WebElement (org.openqa.selenium.chrome.ChromeDriver and org.openqa.selenium.WebElement are in unnamed module of loader 'app')]]>
            </message>
            <full-stacktrace>
              <![CDATA[java.lang.ClassCastException: class org.openqa.selenium.chrome.ChromeDriver cannot be cast to class org.openqa.selenium.WebElement (org.openqa.selenium.chrome.ChromeDriver and org.openqa.selenium.WebElement are in unnamed module of loader 'app')
at automation.pageLocator.DanhMucSanPham.<init>(DanhMucSanPham.java:42)
at automation.testsuite.BepTu_MuaTraGop.MuaTraGopSS(BepTu_MuaTraGop.java:26)
at java.base/jdk.internal.reflect.NativeMethodAccessorImpl.invoke0(Native Method)
at java.base/jdk.internal.reflect.NativeMethodAccessorImpl.invoke(NativeMethodAccessorImpl.java:77)
at java.base/jdk.internal.reflect.DelegatingMethodAccessorImpl.invoke(DelegatingMethodAccessorImpl.java:43)
at java.base/java.lang.reflect.Method.invoke(Method.java:568)
at org.testng.internal.MethodInvocationHelper.invokeMethod(MethodInvocationHelper.java:133)
at org.testng.internal.TestInvoker.invokeMethod(TestInvoker.java:598)
at org.testng.internal.TestInvoker.invokeTestMethod(TestInvoker.java:173)
at org.testng.internal.MethodRunner.runInSequence(MethodRunner.java:46)
at org.testng.internal.TestInvoker$MethodInvocationAgent.invoke(TestInvoker.java:824)
at org.testng.internal.TestInvoker.invokeTestMethods(TestInvoker.java:146)
at org.testng.internal.TestMethodWorker.invokeTestMethods(TestMethodWorker.java:146)
at org.testng.internal.TestMethodWorker.run(TestMethodWorker.java:128)
at java.base/java.util.ArrayList.forEach(ArrayList.java:1511)
at org.testng.TestRunner.privateRun(TestRunner.java:794)
at org.testng.TestRunner.run(TestRunner.java:596)
at org.testng.SuiteRunner.runTest(SuiteRunner.java:377)
at org.testng.SuiteRunner.runSequentially(SuiteRunner.java:371)
at org.testng.SuiteRunner.privateRun(SuiteRunner.java:332)
at org.testng.SuiteRunner.run(SuiteRunner.java:276)
at org.testng.SuiteRunnerWorker.runSuite(SuiteRunnerWorker.java:53)
at org.testng.SuiteRunnerWorker.run(SuiteRunnerWorker.java:96)
at org.testng.TestNG.runSuitesSequentially(TestNG.java:1212)
at org.testng.TestNG.runSuitesLocally(TestNG.java:1134)
at org.testng.TestNG.runSuites(TestNG.java:1063)
at org.testng.TestNG.run(TestNG.java:1031)
at org.testng.remote.AbstractRemoteTestNG.run(AbstractRemoteTestNG.java:115)
at org.testng.remote.RemoteTestNG.initAndRun(RemoteTestNG.java:251)
at org.testng.remote.RemoteTestNG.main(RemoteTestNG.java:77)
]]>
            </full-stacktrace>
          </exception> <!-- java.lang.ClassCastException -->
          <reporter-output>
          </reporter-output>
        </test-method> <!-- MuaTraGopSS -->
      </class> <!-- automation.testsuite.BepTu_MuaTraGop -->
    </test> <!-- Default test -->
  </suite> <!-- Default suite -->
</testng-results>
